{"/Users/pedroperezitu/Documents/projects/prueba-tecnica-bci/prueba-tecnica-bci-express/src/app.js": {"path":"/Users/pedroperezitu/Documents/projects/prueba-tecnica-bci/prueba-tecnica-bci-express/src/app.js","statementMap":{"0":{"start":{"line":1,"column":16},"end":{"line":1,"column":34}},"1":{"start":{"line":2,"column":13},"end":{"line":2,"column":28}},"2":{"start":{"line":3,"column":0},"end":{"line":3,"column":27}},"3":{"start":{"line":5,"column":12},"end":{"line":5,"column":21}},"4":{"start":{"line":8,"column":0},"end":{"line":8,"column":16}},"5":{"start":{"line":9,"column":0},"end":{"line":9,"column":24}},"6":{"start":{"line":12,"column":22},"end":{"line":12,"column":50}},"7":{"start":{"line":15,"column":0},"end":{"line":15,"column":34}},"8":{"start":{"line":18,"column":0},"end":{"line":134,"column":3}},"9":{"start":{"line":19,"column":2},"end":{"line":133,"column":5}},"10":{"start":{"line":137,"column":0},"end":{"line":148,"column":3}},"11":{"start":{"line":138,"column":2},"end":{"line":138,"column":39}},"12":{"start":{"line":140,"column":21},"end":{"line":140,"column":42}},"13":{"start":{"line":141,"column":18},"end":{"line":141,"column":61}},"14":{"start":{"line":143,"column":2},"end":{"line":147,"column":5}},"15":{"start":{"line":151,"column":0},"end":{"line":156,"column":3}},"16":{"start":{"line":152,"column":2},"end":{"line":155,"column":5}},"17":{"start":{"line":158,"column":0},"end":{"line":158,"column":21}}},"fnMap":{"0":{"name":"(anonymous_0)","decl":{"start":{"line":18,"column":13},"end":{"line":18,"column":14}},"loc":{"start":{"line":18,"column":27},"end":{"line":134,"column":1}},"line":18},"1":{"name":"(anonymous_1)","decl":{"start":{"line":137,"column":8},"end":{"line":137,"column":9}},"loc":{"start":{"line":137,"column":33},"end":{"line":148,"column":1}},"line":137},"2":{"name":"(anonymous_2)","decl":{"start":{"line":151,"column":8},"end":{"line":151,"column":9}},"loc":{"start":{"line":151,"column":22},"end":{"line":156,"column":1}},"line":151}},"branchMap":{"0":{"loc":{"start":{"line":140,"column":21},"end":{"line":140,"column":42}},"type":"binary-expr","locations":[{"start":{"line":140,"column":21},"end":{"line":140,"column":35}},{"start":{"line":140,"column":39},"end":{"line":140,"column":42}}],"line":140},"1":{"loc":{"start":{"line":141,"column":18},"end":{"line":141,"column":61}},"type":"binary-expr","locations":[{"start":{"line":141,"column":18},"end":{"line":141,"column":29}},{"start":{"line":141,"column":33},"end":{"line":141,"column":61}}],"line":141},"2":{"loc":{"start":{"line":146,"column":8},"end":{"line":146,"column":70}},"type":"binary-expr","locations":[{"start":{"line":146,"column":8},"end":{"line":146,"column":46}},{"start":{"line":146,"column":50},"end":{"line":146,"column":70}}],"line":146}},"s":{"0":1,"1":1,"2":1,"3":1,"4":1,"5":1,"6":1,"7":1,"8":1,"9":1,"10":1,"11":0,"12":0,"13":0,"14":0,"15":1,"16":1,"17":1},"f":{"0":1,"1":0,"2":1},"b":{"0":[0,0],"1":[0,0],"2":[0,0]},"_coverageSchema":"1a1c01bbd47fc00a2c39e90264f33305004495a9","hash":"2b4f01fd40f8e51ccb6a4cbf729f9e0dfc3979cc"}
,"/Users/pedroperezitu/Documents/projects/prueba-tecnica-bci/prueba-tecnica-bci-express/src/controllers/elementsController.js": {"path":"/Users/pedroperezitu/Documents/projects/prueba-tecnica-bci/prueba-tecnica-bci-express/src/controllers/elementsController.js","statementMap":{"0":{"start":{"line":7,"column":21},"end":{"line":210,"column":1}},"1":{"start":{"line":220,"column":23},"end":{"line":233,"column":1}},"2":{"start":{"line":221,"column":2},"end":{"line":232,"column":3}},"3":{"start":{"line":222,"column":4},"end":{"line":226,"column":7}},"4":{"start":{"line":228,"column":4},"end":{"line":231,"column":7}},"5":{"start":{"line":235,"column":0},"end":{"line":237,"column":2}}},"fnMap":{"0":{"name":"(anonymous_0)","decl":{"start":{"line":220,"column":23},"end":{"line":220,"column":24}},"loc":{"start":{"line":220,"column":37},"end":{"line":233,"column":1}},"line":220}},"branchMap":{},"s":{"0":2,"1":2,"2":20,"3":20,"4":0,"5":2},"f":{"0":20},"b":{},"_coverageSchema":"1a1c01bbd47fc00a2c39e90264f33305004495a9","hash":"b2108251aef6be440b74f30d6e8c17f5b7636d9c"}
,"/Users/pedroperezitu/Documents/projects/prueba-tecnica-bci/prueba-tecnica-bci-express/src/routes/elements.js": {"path":"/Users/pedroperezitu/Documents/projects/prueba-tecnica-bci/prueba-tecnica-bci-express/src/routes/elements.js","statementMap":{"0":{"start":{"line":6,"column":16},"end":{"line":6,"column":34}},"1":{"start":{"line":7,"column":15},"end":{"line":7,"column":31}},"2":{"start":{"line":8,"column":27},"end":{"line":8,"column":71}},"3":{"start":{"line":31,"column":0},"end":{"line":31,"column":40}},"4":{"start":{"line":33,"column":0},"end":{"line":33,"column":24}}},"fnMap":{},"branchMap":{},"s":{"0":1,"1":1,"2":1,"3":1,"4":1},"f":{},"b":{},"_coverageSchema":"1a1c01bbd47fc00a2c39e90264f33305004495a9","hash":"554b1aacbb7b00237c2648147c0467b2c197869c"}
}
