TN:
SF:src/app.js
FN:18,(anonymous_0)
FN:137,(anonymous_1)
FN:151,(anonymous_2)
FNF:3
FNH:2
FNDA:1,(anonymous_0)
FNDA:0,(anonymous_1)
FNDA:1,(anonymous_2)
DA:1,1
DA:2,1
DA:3,1
DA:5,1
DA:8,1
DA:9,1
DA:12,1
DA:15,1
DA:18,1
DA:19,1
DA:137,1
DA:138,0
DA:140,0
DA:141,0
DA:143,0
DA:151,1
DA:152,1
DA:158,1
LF:18
LH:14
BRDA:140,0,0,0
BRDA:140,0,1,0
BRDA:141,1,0,0
BRDA:141,1,1,0
BRDA:146,2,0,0
BRDA:146,2,1,0
BRF:6
BRH:0
end_of_record
TN:
SF:src/controllers/elementsController.js
FN:220,(anonymous_0)
FNF:1
FNH:1
FNDA:20,(anonymous_0)
DA:7,2
DA:220,2
DA:221,20
DA:222,20
DA:228,0
DA:235,2
LF:6
LH:5
BRF:0
BRH:0
end_of_record
TN:
SF:src/routes/elements.js
FNF:0
FNH:0
DA:6,1
DA:7,1
DA:8,1
DA:31,1
DA:33,1
LF:5
LH:5
BRF:0
BRH:0
end_of_record
